<?xml version="1.0" encoding="UTF-8"?>
<!-- Generated by org.testng.reporters.JUnitReportReporter -->
<testsuite hostname="mkravchuk-PC" name="com.ibhs.test.user.TestPatients" tests="1" failures="0" timestamp="21 Nov 2014 09:48:02 GMT" time="10.751" errors="0">
  <testcase name="verifyDOBWithValidNumbersByCalendarPickerFormPatientOnNewPatientPage_Test_1_6" time="10.751" classname="com.ibhs.test.user.TestPatients"/>
</testsuite> <!-- com.ibhs.test.user.TestPatients -->
