<?xml version="1.0" encoding="UTF-8"?>
<!-- Generated by org.testng.reporters.JUnitReportReporter -->
<testsuite hostname="mkravchuk-PC" name="com.ibhs.test.IBHS_Test" tests="1" failures="0" timestamp="17 Nov 2014 10:14:01 GMT" time="6.183" errors="0">
  <testcase name="createLetter" time="6.183" classname="com.ibhs.test.IBHS_Test"/>
</testsuite> <!-- com.ibhs.test.IBHS_Test -->
