<?xml version="1.0" encoding="UTF-8"?>
<!-- Generated by org.testng.reporters.JUnitReportReporter -->
<testsuite hostname="marta-Lenovo-G500" name="com.ibhs.test.user.TestNewPatients" tests="1" failures="0" timestamp="23 Nov 2014 21:26:27 GMT" time="47.046" errors="0">
  <testcase name="verify" time="47.046" classname="com.ibhs.test.user.TestNewPatients"/>
</testsuite> <!-- com.ibhs.test.user.TestNewPatients -->
