<?xml version="1.0" encoding="UTF-8"?>
<!-- Generated by org.testng.reporters.JUnitReportReporter -->
<testsuite hostname="mkravchuk-PC" name="com.ibhs.test.user.TestBilling" tests="1" failures="0" timestamp="17 Nov 2014 17:24:52 GMT" time="0.000" errors="0">
  <testcase name="jj" time="0.000" classname="com.ibhs.test.user.TestBilling"/>
</testsuite> <!-- com.ibhs.test.user.TestBilling -->
