<?xml version="1.0" encoding="UTF-8"?>
<!-- Generated by org.testng.reporters.JUnitReportReporter -->
<testsuite hostname="mkravchuk-PC" name="com.ibhs.test.user.TestDashboard" tests="1" failures="0" timestamp="17 Nov 2014 17:10:08 GMT" time="0.016" errors="0">
  <testcase name="jj" time="0.016" classname="com.ibhs.test.user.TestDashboard"/>
</testsuite> <!-- com.ibhs.test.user.TestDashboard -->
