<?xml version="1.0" encoding="UTF-8"?>
<!-- Generated by org.testng.reporters.JUnitReportReporter -->
<testsuite hostname="marta-Lenovo-G500" name="com.ibhs.test.user.TestNewPatients" tests="1" failures="0" timestamp="23 Nov 2014 13:57:21 GMT" time="21.639" errors="0">
  <testcase name="verifySSNErrorRequired_Test_1_7" time="21.639" classname="com.ibhs.test.user.TestNewPatients"/>
</testsuite> <!-- com.ibhs.test.user.TestNewPatients -->
